{"/Users/totustuo/Documents/git/personal/nodejs/04-bases-typescript/src/plugins/http-client.plugin.ts": {"path":"/Users/totustuo/Documents/git/personal/nodejs/04-bases-typescript/src/plugins/http-client.plugin.ts","all":false,"statementMap":{"0":{"start":{"line":1,"column":0},"end":{"line":1,"column":34}},"1":{"start":{"line":2,"column":0},"end":{"line":2,"column":26}},"2":{"start":{"line":3,"column":0},"end":{"line":3,"column":0}},"3":{"start":{"line":4,"column":0},"end":{"line":4,"column":33}},"4":{"start":{"line":5,"column":0},"end":{"line":5,"column":33}},"5":{"start":{"line":6,"column":0},"end":{"line":6,"column":45}},"6":{"start":{"line":7,"column":0},"end":{"line":7,"column":40}},"7":{"start":{"line":8,"column":0},"end":{"line":8,"column":46}},"8":{"start":{"line":9,"column":0},"end":{"line":9,"column":20}},"9":{"start":{"line":10,"column":0},"end":{"line":10,"column":6}},"10":{"start":{"line":11,"column":0},"end":{"line":11,"column":0}},"11":{"start":{"line":12,"column":0},"end":{"line":12,"column":45}},"12":{"start":{"line":13,"column":0},"end":{"line":13,"column":43}},"13":{"start":{"line":14,"column":0},"end":{"line":14,"column":6}},"14":{"start":{"line":15,"column":0},"end":{"line":15,"column":44}},"15":{"start":{"line":16,"column":0},"end":{"line":16,"column":43}},"16":{"start":{"line":17,"column":0},"end":{"line":17,"column":6}},"17":{"start":{"line":18,"column":0},"end":{"line":18,"column":47}},"18":{"start":{"line":19,"column":0},"end":{"line":19,"column":43}},"19":{"start":{"line":20,"column":0},"end":{"line":20,"column":6}},"20":{"start":{"line":21,"column":0},"end":{"line":21,"column":2}},"21":{"start":{"line":22,"column":0},"end":{"line":22,"column":0}},"22":{"start":{"line":23,"column":0},"end":{"line":23,"column":21}},"23":{"start":{"line":24,"column":0},"end":{"line":24,"column":30}},"24":{"start":{"line":25,"column":0},"end":{"line":25,"column":4}}},"s":{"0":1,"1":1,"2":1,"3":1,"4":1,"5":1,"6":1,"7":1,"8":1,"9":1,"10":1,"11":1,"12":0,"13":0,"14":1,"15":0,"16":0,"17":1,"18":0,"19":0,"20":1,"21":1,"22":1,"23":1,"24":1},"branchMap":{"0":{"type":"branch","line":5,"loc":{"start":{"line":5,"column":9},"end":{"line":10,"column":6}},"locations":[{"start":{"line":5,"column":9},"end":{"line":10,"column":6}}]},"1":{"type":"branch","line":5,"loc":{"start":{"line":5,"column":31},"end":{"line":10,"column":5}},"locations":[{"start":{"line":5,"column":31},"end":{"line":10,"column":5}}]}},"b":{"0":[1],"1":[1]},"fnMap":{"0":{"name":"get","decl":{"start":{"line":5,"column":9},"end":{"line":10,"column":6}},"loc":{"start":{"line":5,"column":9},"end":{"line":10,"column":6}},"line":5},"1":{"name":"post","decl":{"start":{"line":12,"column":10},"end":{"line":14,"column":6}},"loc":{"start":{"line":12,"column":10},"end":{"line":14,"column":6}},"line":12},"2":{"name":"put","decl":{"start":{"line":15,"column":9},"end":{"line":17,"column":6}},"loc":{"start":{"line":15,"column":9},"end":{"line":17,"column":6}},"line":15},"3":{"name":"delete","decl":{"start":{"line":18,"column":12},"end":{"line":20,"column":6}},"loc":{"start":{"line":18,"column":12},"end":{"line":20,"column":6}},"line":18}},"f":{"0":1,"1":0,"2":0,"3":0}}
}
