{"/Users/totustuo/Documents/git/personal/nodejs/04-bases-typescript/src/plugins/index.ts": {"path":"/Users/totustuo/Documents/git/personal/nodejs/04-bases-typescript/src/plugins/index.ts","all":false,"statementMap":{"0":{"start":{"line":1,"column":0},"end":{"line":1,"column":42}},"1":{"start":{"line":2,"column":0},"end":{"line":2,"column":42}},"2":{"start":{"line":3,"column":0},"end":{"line":3,"column":64}},"3":{"start":{"line":4,"column":0},"end":{"line":4,"column":46}}},"s":{"0":1,"1":1,"2":1,"3":1},"branchMap":{"0":{"type":"branch","line":2,"loc":{"start":{"line":2,"column":9},"end":{"line":2,"column":42}},"locations":[{"start":{"line":2,"column":9},"end":{"line":2,"column":42}}]}},"b":{"0":[1]},"fnMap":{"0":{"name":"get","decl":{"start":{"line":1,"column":9},"end":{"line":1,"column":42}},"loc":{"start":{"line":1,"column":9},"end":{"line":1,"column":42}},"line":1},"1":{"name":"get","decl":{"start":{"line":2,"column":9},"end":{"line":2,"column":42}},"loc":{"start":{"line":2,"column":9},"end":{"line":2,"column":42}},"line":2},"2":{"name":"get","decl":{"start":{"line":3,"column":9},"end":{"line":3,"column":33}},"loc":{"start":{"line":3,"column":9},"end":{"line":3,"column":33}},"line":3},"3":{"name":"get","decl":{"start":{"line":4,"column":9},"end":{"line":4,"column":46}},"loc":{"start":{"line":4,"column":9},"end":{"line":4,"column":46}},"line":4}},"f":{"0":0,"1":1,"2":0,"3":0}}
}
