TN:
SF:src/js-foundation/04-arrow.ts
FN:17,getUserById
FN:30,getUserByIdArrow
FNF:2
FNH:2
FNDA:2,getUserById
FNDA:2,getUserByIdArrow
DA:1,1
DA:2,1
DA:3,1
DA:4,1
DA:5,1
DA:6,1
DA:7,1
DA:8,1
DA:9,1
DA:10,1
DA:11,1
DA:12,1
DA:13,1
DA:14,1
DA:15,1
DA:16,1
DA:17,2
DA:18,2
DA:19,2
DA:20,4
DA:21,2
DA:22,2
DA:23,2
DA:24,1
DA:25,1
DA:26,1
DA:27,1
DA:28,1
DA:29,1
DA:30,1
DA:31,2
DA:32,2
DA:33,2
DA:34,2
DA:35,2
LF:35
LH:35
BRDA:17,0,0,2
BRDA:23,1,0,1
BRDA:19,2,0,4
BRDA:30,3,0,2
BRDA:34,4,0,1
BRDA:34,5,0,1
BRDA:31,6,0,4
BRF:7
BRH:7
end_of_record
