TN:
SF:src/js-foundation/01-template.ts
FNF:0
FNH:0
DA:1,1
DA:2,1
DA:3,1
DA:4,1
DA:5,1
DA:6,1
DA:7,1
DA:8,1
LF:8
LH:8
BRF:0
BRH:0
end_of_record
TN:
SF:src/js-foundation/02-destructuring.ts
FNF:0
FNH:0
DA:1,1
DA:2,1
DA:3,1
DA:4,1
DA:5,1
DA:6,1
DA:7,1
DA:8,1
DA:9,1
DA:10,1
LF:10
LH:10
BRF:0
BRH:0
end_of_record
TN:
SF:src/js-foundation/03-callbacks.ts
FN:17,getUserById
FNF:1
FNH:1
FNDA:2,getUserById
DA:1,1
DA:2,1
DA:3,1
DA:4,1
DA:5,1
DA:6,1
DA:7,1
DA:8,1
DA:9,1
DA:10,1
DA:11,1
DA:12,1
DA:13,1
DA:14,1
DA:15,1
DA:16,1
DA:17,2
DA:18,2
DA:19,2
DA:20,3
DA:21,2
DA:22,2
DA:23,2
DA:24,1
DA:25,1
DA:26,1
DA:27,1
DA:28,1
DA:29,1
DA:30,1
DA:31,1
DA:32,1
LF:32
LH:32
BRDA:17,0,0,2
BRDA:23,1,0,1
BRDA:19,2,0,3
BRF:3
BRH:3
end_of_record
TN:
SF:src/js-foundation/04-arrow.ts
FN:17,getUserById
FN:30,getUserByIdArrow
FNF:2
FNH:2
FNDA:2,getUserById
FNDA:2,getUserByIdArrow
DA:1,1
DA:2,1
DA:3,1
DA:4,1
DA:5,1
DA:6,1
DA:7,1
DA:8,1
DA:9,1
DA:10,1
DA:11,1
DA:12,1
DA:13,1
DA:14,1
DA:15,1
DA:16,1
DA:17,2
DA:18,2
DA:19,2
DA:20,4
DA:21,2
DA:22,2
DA:23,2
DA:24,1
DA:25,1
DA:26,1
DA:27,1
DA:28,1
DA:29,1
DA:30,1
DA:31,2
DA:32,2
DA:33,2
DA:34,2
DA:35,2
LF:35
LH:35
BRDA:17,0,0,2
BRDA:23,1,0,1
BRDA:19,2,0,4
BRDA:30,3,0,2
BRDA:34,4,0,1
BRDA:34,5,0,1
BRDA:31,6,0,4
BRF:7
BRH:7
end_of_record
TN:
SF:src/js-foundation/05-factory.ts
FN:21,buildMakePerson
FNF:1
FNH:1
FNDA:2,buildMakePerson
DA:1,1
DA:2,1
DA:3,1
DA:4,1
DA:5,1
DA:6,1
DA:7,1
DA:8,1
DA:9,1
DA:10,1
DA:11,1
DA:12,1
DA:13,1
DA:14,1
DA:15,1
DA:16,1
DA:17,1
DA:18,1
DA:19,1
DA:20,1
DA:21,1
DA:22,2
DA:23,1
DA:24,1
DA:25,1
DA:26,1
DA:27,1
DA:28,1
DA:29,1
DA:30,1
DA:31,1
DA:32,1
DA:33,1
DA:34,2
DA:35,1
DA:36,1
DA:37,1
DA:38,1
DA:39,1
DA:40,1
DA:41,1
LF:41
LH:41
BRDA:21,0,0,2
BRDA:22,1,0,1
BRF:2
BRH:2
end_of_record
TN:
SF:src/js-foundation/06-promises.ts
FN:3,getPokemonById
FNF:1
FNH:1
FNDA:2,getPokemonById
DA:1,1
DA:2,1
DA:3,1
DA:4,2
DA:5,2
DA:6,2
DA:7,2
DA:8,2
DA:9,2
DA:10,2
DA:11,2
DA:12,2
DA:13,2
DA:14,2
DA:15,2
DA:16,2
DA:17,1
DA:18,1
DA:19,1
DA:20,1
DA:21,1
DA:22,1
DA:23,1
DA:24,1
DA:25,2
DA:26,2
DA:27,2
DA:28,2
DA:29,2
DA:30,2
DA:31,2
DA:32,2
DA:33,2
DA:34,2
DA:35,2
DA:36,2
DA:37,2
DA:38,2
DA:39,2
DA:40,2
DA:41,2
DA:42,2
LF:42
LH:42
BRDA:3,0,0,2
BRDA:3,1,0,2
BRDA:17,2,0,1
BRF:3
BRH:3
end_of_record
TN:
SF:src/plugins/get-age.plugin.ts
FN:5,getAge
FNF:1
FNH:1
FNDA:3,getAge
DA:1,1
DA:2,1
DA:3,1
DA:4,1
DA:5,1
DA:6,3
DA:7,3
DA:8,3
DA:9,3
DA:10,3
DA:11,3
LF:11
LH:11
BRDA:5,0,0,3
BRF:1
BRH:1
end_of_record
TN:
SF:src/plugins/get-id.plugin.ts
FN:8,getUUID
FNF:1
FNH:1
FNDA:1,getUUID
DA:1,1
DA:2,1
DA:3,1
DA:4,1
DA:5,1
DA:6,1
DA:7,1
DA:8,1
DA:9,1
DA:10,1
DA:11,1
DA:12,1
DA:13,1
DA:14,1
LF:14
LH:14
BRDA:8,0,0,1
BRF:1
BRH:1
end_of_record
TN:
SF:src/plugins/http-client.plugin.ts
FN:5,get
FN:12,post
FN:15,put
FN:18,delete
FNF:4
FNH:1
FNDA:3,get
FNDA:0,post
FNDA:0,put
FNDA:0,delete
DA:1,1
DA:2,1
DA:3,1
DA:4,1
DA:5,1
DA:6,3
DA:7,3
DA:8,3
DA:9,2
DA:10,3
DA:11,1
DA:12,1
DA:13,0
DA:14,0
DA:15,1
DA:16,0
DA:17,0
DA:18,1
DA:19,0
DA:20,0
DA:21,1
DA:22,1
DA:23,1
DA:24,1
DA:25,1
LF:25
LH:19
BRDA:5,0,0,3
BRDA:5,1,0,3
BRDA:9,2,0,2
BRF:3
BRH:3
end_of_record
TN:
SF:src/plugins/index.ts
FN:1,get
FN:2,get
FN:3,get
FN:4,get
FNF:4
FNH:3
FNDA:3,get
FNDA:1,get
FNDA:2,get
FNDA:0,get
DA:1,1
DA:2,1
DA:3,1
DA:4,1
LF:4
LH:4
BRDA:1,0,0,3
BRDA:2,1,0,1
BRDA:3,2,0,2
BRF:3
BRH:3
end_of_record
TN:
SF:src/plugins/logger.plugin.ts
FN:28,buildLogger
FN:30,log
FN:33,error
FNF:3
FNH:3
FNDA:3,buildLogger
FNDA:1,log
FNDA:1,error
DA:1,1
DA:2,1
DA:3,1
DA:4,1
DA:5,1
DA:6,1
DA:7,1
DA:8,1
DA:9,1
DA:10,1
DA:11,1
DA:12,1
DA:13,1
DA:14,1
DA:15,1
DA:16,1
DA:17,1
DA:18,1
DA:19,1
DA:20,1
DA:21,1
DA:22,1
DA:23,1
DA:24,1
DA:25,1
DA:26,1
DA:27,1
DA:28,1
DA:29,3
DA:30,3
DA:31,1
DA:32,3
DA:33,3
DA:34,1
DA:35,1
DA:36,3
DA:37,3
LF:37
LH:37
BRDA:28,0,0,3
BRDA:30,1,0,1
BRDA:33,2,0,1
BRF:3
BRH:3
end_of_record
